<?xml version="1.0" encoding="UTF-8"?>
<testsuite xmlns:xsi="http://www.w3.org/2001/XMLSchema-instance" xsi:noNamespaceSchemaLocation="https://maven.apache.org/surefire/maven-surefire-plugin/xsd/surefire-test-report-3.0.xsd" version="3.0" name="co.uk.Dunelm.loyalty.admin.application.query.GetAdminDashboardQueryTest" time="0.395" tests="2" errors="0" skipped="0" failures="0">
  <properties>
[...]
</properties>
  <testcase name="returnsAggregatedMetrics" classname="co.uk.Dunelm.loyalty.admin.application.query.GetAdminDashboardQueryTest" time="0.036">
    <system-out><![CDATA[2026-05-18T19:19:38.465+05:30  INFO 41912 --- [           main] t.c.s.AnnotationConfigContextLoaderUtils : Could not detect default configuration classes for test class [co.uk.Dunelm.loyalty.admin.application.query.GetAdminDashboardQueryTest]: GetAdminDashboardQueryTest does not declare any static, non-private, non-final, nested classes annotated with @Configuration.
2026-05-18T19:19:38.471+05:30  INFO 41912 --- [           main] .b.t.c.SpringBootTestContextBootstrapper : Found @SpringBootConfiguration co.uk.Dunelm.loyalty.admin.AdminServiceApplication for test class co.uk.Dunelm.loyalty.admin.application.query.GetAdminDashboardQueryTest
  .   ____          _            __ _ _
 /\\ / ___'_ __ _ _(_)_ __  __ _ \ \ \ \
( ( )\___ | '_ | '_| | '_ \/ _` | \ \ \ \
 \\/  ___)| |_)| | | | | || (_| |  ) ) ) )
  '  |____| .__|_| |_|_| |_\__, | / / / /
 =========|_|==============|___/=/_/_/_/

 :: Spring Boot ::                (v3.3.0)

2026-05-18T19:19:38.479+05:30  INFO 41912 --- [           main] c.u.n.l.a.a.q.GetAdminDashboardQueryTest : Starting GetAdminDashboardQueryTest using Java 21.0.5 with PID 41912 (started by prateeksharma in /Users/prateeksharma/Documents/Clients/dunelm/services/admin-service)
2026-05-18T19:19:38.479+05:30  INFO 41912 --- [           main] c.u.n.l.a.a.q.GetAdminDashboardQueryTest : No active profile set, falling back to 1 default profile: "default"
2026-05-18T19:19:38.549+05:30  INFO 41912 --- [           main] .s.d.r.c.RepositoryConfigurationDelegate : Bootstrapping Spring Data JPA repositories in DEFAULT mode.
2026-05-18T19:19:38.556+05:30  INFO 41912 --- [           main] .s.d.r.c.RepositoryConfigurationDelegate : Finished Spring Data repository scanning in 6 ms. Found 3 JPA repository interfaces.
2026-05-18T19:19:38.588+05:30  INFO 41912 --- [           main] o.hibernate.jpa.internal.util.LogHelper  : HHH000204: Processing PersistenceUnitInfo [name: default]
2026-05-18T19:19:38.589+05:30  INFO 41912 --- [           main] o.h.c.internal.RegionFactoryInitiator    : HHH000026: Second-level cache disabled
2026-05-18T19:19:38.592+05:30  INFO 41912 --- [           main] o.s.o.j.p.SpringPersistenceUnitInfo      : No LoadTimeWeaver setup: ignoring JPA class transformer
2026-05-18T19:19:38.592+05:30  INFO 41912 --- [           main] com.zaxxer.hikari.HikariDataSource       : HikariPool-2 - Starting...
2026-05-18T19:19:38.593+05:30  INFO 41912 --- [           main] com.zaxxer.hikari.pool.HikariPool        : HikariPool-2 - Added connection conn10: url=jdbc:h2:mem:testdb user=SA
2026-05-18T19:19:38.593+05:30  INFO 41912 --- [           main] com.zaxxer.hikari.HikariDataSource       : HikariPool-2 - Start completed.
2026-05-18T19:19:38.593+05:30  WARN 41912 --- [           main] org.hibernate.orm.deprecation            : HHH90000025: H2Dialect does not need to be specified explicitly using 'hibernate.dialect' (remove the property setting and it will be selected by default)
2026-05-18T19:19:38.621+05:30  INFO 41912 --- [           main] o.h.e.t.j.p.i.JtaPlatformInitiator       : HHH000489: No JTA platform available (set 'hibernate.transaction.jta.platform' to enable JTA platform integration)
2026-05-18T19:19:38.623+05:30  INFO 41912 --- [           main] j.LocalContainerEntityManagerFactoryBean : Initialized JPA EntityManagerFactory for persistence unit 'default'
2026-05-18T19:19:38.666+05:30  WARN 41912 --- [           main] JpaBaseConfiguration$JpaWebConfiguration : spring.jpa.open-in-view is enabled by default. Therefore, database queries may be performed during view rendering. Explicitly configure spring.jpa.open-in-view to disable this warning
2026-05-18T19:19:38.671+05:30  WARN 41912 --- [           main] .s.s.UserDetailsServiceAutoConfiguration : 

Using generated security password: f86c3ac6-dd04-40bc-bea1-fe0701151462

This generated password is for development use only. Your security configuration must be updated before running your application in production.

2026-05-18T19:19:38.672+05:30  INFO 41912 --- [           main] r$InitializeUserDetailsManagerConfigurer : Global AuthenticationManager configured with UserDetailsService bean with name inMemoryUserDetailsManager
2026-05-18T19:19:38.743+05:30  INFO 41912 --- [           main] o.s.b.a.e.web.EndpointLinksResolver      : Exposing 1 endpoint beneath base path '/actuator'
2026-05-18T19:19:38.752+05:30  INFO 41912 --- [           main] o.s.s.web.DefaultSecurityFilterChain     : Will secure any request with [org.springframework.security.web.session.DisableEncodeUrlFilter@5455f457, org.springframework.security.web.context.request.async.WebAsyncManagerIntegrationFilter@79a1730e, org.springframework.security.web.context.SecurityContextHolderFilter@398857f8, org.springframework.security.web.header.HeaderWriterFilter@257f8040, org.springframework.web.filter.CorsFilter@a51ee41, org.springframework.security.web.authentication.logout.LogoutFilter@73ff16a1, org.springframework.security.web.authentication.www.BasicAuthenticationFilter@46bd6c87, org.springframework.security.web.savedrequest.RequestCacheAwareFilter@287c4e96, org.springframework.security.web.servletapi.SecurityContextHolderAwareRequestFilter@1bf64e55, org.springframework.security.web.authentication.AnonymousAuthenticationFilter@7323f4f, org.springframework.security.web.session.SessionManagementFilter@5a42bb6, org.springframework.security.web.access.ExceptionTranslationFilter@4b0393ee, org.springframework.security.web.access.intercept.AuthorizationFilter@3a1d3fed]
2026-05-18T19:19:38.817+05:30  INFO 41912 --- [           main] c.u.n.l.a.a.q.GetAdminDashboardQueryTest : Started GetAdminDashboardQueryTest in 0.344 seconds (process running for 3.069)
]]></system-out>
  </testcase>
  <testcase name="emptyStateReturnsZeros" classname="co.uk.Dunelm.loyalty.admin.application.query.GetAdminDashboardQueryTest" time="0.005"/>
</testsuite>